<?xml version="1.0" encoding="UTF-8"?>
<!-- Generated by org.testng.reporters.JUnitReportReporter -->
<testsuite hostname="om-PC" failures="0" tests="4" name="TVP_Test_cases.Jenkins_trail.ImageSpecification" time="50.315" errors="0" timestamp="14 Sep 2024 09:51:57 GMT" skipped="2">
  <testcase classname="TVP_Test_cases.Jenkins_trail.ImageSpecification" name="EDS" time="15.942"/>
  <testcase classname="TVP_Test_cases.Jenkins_trail.ImageSpecification" name="SmileDirectClub" time="34.373"/>
  <testcase classname="TVP_Test_cases.Jenkins_trail.ImageSpecification" name="FYE">
    <skipped/>
  </testcase> <!-- FYE -->
  <testcase classname="TVP_Test_cases.Jenkins_trail.ImageSpecification" name="TVP">
    <skipped/>
  </testcase> <!-- TVP -->
</testsuite> <!-- TVP_Test_cases.Jenkins_trail.ImageSpecification -->
